<?xml version="1.0" encoding="UTF-8"?>
<!-- Generated by org.testng.reporters.JUnitXMLReporter -->
<testsuite ignored="2" hostname="CLMC02SH12YG8WM" failures="0" tests="0" time="14.469" errors="0" timestamp="19 Sep 2019 15:44:27 GMT">
  <testcase classname="Android_Base.MainBase" name="@AfterSuite tearDown" time="0.0">
    <ignored/>
  </testcase> <!-- @AfterSuite tearDown -->
  <testcase classname="Android_Base.MainBase" name="@BeforeSuite setUp" time="0.0">
    <ignored/>
  </testcase> <!-- @BeforeSuite setUp -->
</testsuite>
