<?xml version="1.0" encoding="UTF-8"?>
<!-- Generated by org.testng.reporters.JUnitXMLReporter -->
<testsuite ignored="0" hostname="CLMC02SH12YG8WM" failures="0" tests="2" name="SPRCOM_105400_Android_LoginAO_Login" time="65.8" errors="0" timestamp="30 Sep 2019 16:35:18 GMT">
  <testcase classname="SPRCOM_92051_Android_LoginAO.SPRCOM_105400_Android_LoginAO_Login" name="SPRCOM_105402" time="33.504"/>
  <testcase classname="SPRCOM_92051_Android_LoginAO.SPRCOM_105400_Android_LoginAO_Login" name="SPRCOM_105404" time="29.251"/>
</testsuite> <!-- SPRCOM_105400_Android_LoginAO_Login -->
