<?xml version="1.0" encoding="UTF-8"?>
<!-- Generated by org.testng.reporters.JUnitXMLReporter -->
<testsuite ignored="2" hostname="CLMC02SH12YG8WM" failures="0" tests="2" name="SPRCOM_105500_Android_Login_MakePayment" time="67.746" errors="0" timestamp="30 Sep 2019 16:33:39 GMT">
  <testcase classname="SPRCOM_92050_Android_Payment.SPRCOM_105500_Android_LoginAO_Payment_Basic" name="SPRCOM_105504" time="21.215"/>
  <testcase classname="SPRCOM_92050_Android_Payment.SPRCOM_105500_Android_LoginAO_AddpaymentMethod" name="SPRCOM_105506" time="43.472"/>
  <testcase classname="Android_Base.MainBase" name="@AfterSuite tearDown" time="0.0">
    <ignored/>
  </testcase> <!-- @AfterSuite tearDown -->
  <testcase classname="Android_Base.MainBase" name="@BeforeSuite setUp" time="0.0">
    <ignored/>
  </testcase> <!-- @BeforeSuite setUp -->
</testsuite> <!-- SPRCOM_105500_Android_Login_MakePayment -->
