-------------------------------------------------------------------------------
Test set: TestSuite
-------------------------------------------------------------------------------
Tests run: 14, Failures: 4, Errors: 0, Skipped: 0, Time elapsed: 640.234 s <<< FAILURE! - in TestSuite
SPRCOM_105306(SPRCOM_92050_Android_Payment.SPRCOM_105300_Android_NonLogin_CardTypeVerify)  Time elapsed: 36.417 s  <<< FAILURE!
java.lang.AssertionError: null
	at SPRCOM_92050_Android_Payment.SPRCOM_105300_Android_NonLogin_CardTypeVerify.SPRCOM_105306_Step4(SPRCOM_105300_Android_NonLogin_CardTypeVerify.java:83)
	at SPRCOM_92050_Android_Payment.SPRCOM_105300_Android_NonLogin_CardTypeVerify.SPRCOM_105306(SPRCOM_105300_Android_NonLogin_CardTypeVerify.java:27)

SPRCOM_105702(SPRCOM_92052_Android_Sales.SPRCOM_105700_Android_LoginAO_Sales_MainPage_AddNewLine_Cart)  Time elapsed: 78.345 s  <<< FAILURE!
java.lang.AssertionError: null
	at SPRCOM_92052_Android_Sales.SPRCOM_105700_Android_LoginAO_Sales_MainPage_AddNewLine_Cart.SPRCOM_105702_Step4(SPRCOM_105700_Android_LoginAO_Sales_MainPage_AddNewLine_Cart.java:77)
	at SPRCOM_92052_Android_Sales.SPRCOM_105700_Android_LoginAO_Sales_MainPage_AddNewLine_Cart.SPRCOM_105702(SPRCOM_105700_Android_LoginAO_Sales_MainPage_AddNewLine_Cart.java:30)

SPRCOM_105706(SPRCOM_92052_Android_Sales.SPRCOM_105700_Android_LoginAO_Sales_MainPage_UpgradeAO_Cart)  Time elapsed: 76.15 s  <<< FAILURE!
java.lang.AssertionError: null
	at SPRCOM_92052_Android_Sales.SPRCOM_105700_Android_LoginAO_Sales_MainPage_UpgradeAO_Cart.SPRCOM_105706_Step3(SPRCOM_105700_Android_LoginAO_Sales_MainPage_UpgradeAO_Cart.java:68)
	at SPRCOM_92052_Android_Sales.SPRCOM_105700_Android_LoginAO_Sales_MainPage_UpgradeAO_Cart.SPRCOM_105706(SPRCOM_105700_Android_LoginAO_Sales_MainPage_UpgradeAO_Cart.java:29)

SPRCOM_105708(SPRCOM_92052_Android_Sales.SPRCOM_105700_Android_LoginAO_Sales_PriorityStatus)  Time elapsed: 33.579 s  <<< FAILURE!
java.lang.AssertionError: null
	at SPRCOM_92052_Android_Sales.SPRCOM_105700_Android_LoginAO_Sales_PriorityStatus.SPRCOM_105708_Step2(SPRCOM_105700_Android_LoginAO_Sales_PriorityStatus.java:46)
	at SPRCOM_92052_Android_Sales.SPRCOM_105700_Android_LoginAO_Sales_PriorityStatus.SPRCOM_105708(SPRCOM_105700_Android_LoginAO_Sales_PriorityStatus.java:25)

