<?xml version="1.0" encoding="UTF-8"?>
<testsuite xmlns:xsi="http://www.w3.org/2001/XMLSchema-instance" xsi:noNamespaceSchemaLocation="https://maven.apache.org/surefire/maven-surefire-plugin/xsd/surefire-test-report.xsd" name="TestSuite" time="640.234" tests="14" errors="0" skipped="0" failures="4">
  <properties>
[...]
</properties>
  <testcase name="SPRCOM_105302" classname="SPRCOM_92050_Android_Payment.SPRCOM_105300_Android_NonLogin_AddPaymentMethod" time="47.877"/>
  <testcase name="SPRCOM_105304" classname="SPRCOM_92050_Android_Payment.SPRCOM_105300_Android_NonLogin_Payment_Amount" time="11.944"/>
  <testcase name="SPRCOM_105306" classname="SPRCOM_92050_Android_Payment.SPRCOM_105300_Android_NonLogin_CardTypeVerify" time="35.479"/>
  <testcase name="SPRCOM_105306" classname="SPRCOM_92050_Android_Payment.SPRCOM_105300_Android_NonLogin_CardTypeVerify" time="39.747"/>
  <testcase name="SPRCOM_105306" classname="SPRCOM_92050_Android_Payment.SPRCOM_105300_Android_NonLogin_CardTypeVerify" time="36.417">
    <failure type="java.lang.AssertionError:">java.lang.AssertionError: null
	at SPRCOM_92050_Android_Payment.SPRCOM_105300_Android_NonLogin_CardTypeVerify.SPRCOM_105306_Step4(SPRCOM_105300_Android_NonLogin_CardTypeVerify.java:83)
	at SPRCOM_92050_Android_Payment.SPRCOM_105300_Android_NonLogin_CardTypeVerify.SPRCOM_105306(SPRCOM_105300_Android_NonLogin_CardTypeVerify.java:27)
</failure>
    <system-out><![CDATA[LISTENER: Test - SPRCOM_105306 - is Starting 

FAIL: Error message showed up - Step fail
LISTENER: Test - SPRCOM_105306 - org.testng.TestRunner@6b338591
]]></system-out>
  </testcase>
  <testcase name="SPRCOM_105402" classname="SPRCOM_92051_Android_LoginAO.SPRCOM_105400_Android_LoginAO_Login" time="39.38"/>
  <testcase name="SPRCOM_105402" classname="SPRCOM_92051_Android_LoginAO.SPRCOM_105400_Android_LoginAO_Login" time="35.008"/>
  <testcase name="SPRCOM_105404" classname="SPRCOM_92051_Android_LoginAO.SPRCOM_105400_Android_LoginAO_Login" time="34.214"/>
  <testcase name="SPRCOM_105404" classname="SPRCOM_92051_Android_LoginAO.SPRCOM_105400_Android_LoginAO_Login" time="29.815"/>
  <testcase name="SPRCOM_105504" classname="SPRCOM_92050_Android_Payment.SPRCOM_105500_Android_LoginAO_Payment_Basic" time="22.067"/>
  <testcase name="SPRCOM_105506" classname="SPRCOM_92050_Android_Payment.SPRCOM_105500_Android_LoginAO_AddpaymentMethod" time="44.754"/>
  <testcase name="SPRCOM_105702" classname="SPRCOM_92052_Android_Sales.SPRCOM_105700_Android_LoginAO_Sales_MainPage_AddNewLine_Cart" time="78.345">
    <failure type="java.lang.AssertionError:">java.lang.AssertionError: null
	at SPRCOM_92052_Android_Sales.SPRCOM_105700_Android_LoginAO_Sales_MainPage_AddNewLine_Cart.SPRCOM_105702_Step4(SPRCOM_105700_Android_LoginAO_Sales_MainPage_AddNewLine_Cart.java:77)
	at SPRCOM_92052_Android_Sales.SPRCOM_105700_Android_LoginAO_Sales_MainPage_AddNewLine_Cart.SPRCOM_105702(SPRCOM_105700_Android_LoginAO_Sales_MainPage_AddNewLine_Cart.java:30)
</failure>
    <system-out><![CDATA[LISTENER: onFinish Test - SPRCOM_105400_Android_LoginAO_Login
PASSED: SPRCOM_105402("ST2", "3369549079", "TWREG-59003", "T3stM3.P1s")
PASSED: SPRCOM_105404("ST2", "3369549079", "TWREG-59003", "T3stM3.P1s")

===============================================
    SPRCOM_105400_Android_LoginAO_Login
    Tests run: 2, Failures: 0, Skips: 0
===============================================

LISTENER: onStart Test - SPRCOM_105700_Android_LoginAO_Sales
LISTENER: Test - SPRCOM_105702 - is Starting 

FAIL: Error dialog detected, check detail with screenshot attachment 
 MORE INFO: We are having technical difficulties. Please wait a few minutes and then try again.
LISTENER: Test - SPRCOM_105702 - org.testng.TestRunner@69c53b72
]]></system-out>
  </testcase>
  <testcase name="SPRCOM_105706" classname="SPRCOM_92052_Android_Sales.SPRCOM_105700_Android_LoginAO_Sales_MainPage_UpgradeAO_Cart" time="76.15">
    <failure type="java.lang.AssertionError:">java.lang.AssertionError: null
	at SPRCOM_92052_Android_Sales.SPRCOM_105700_Android_LoginAO_Sales_MainPage_UpgradeAO_Cart.SPRCOM_105706_Step3(SPRCOM_105700_Android_LoginAO_Sales_MainPage_UpgradeAO_Cart.java:68)
	at SPRCOM_92052_Android_Sales.SPRCOM_105700_Android_LoginAO_Sales_MainPage_UpgradeAO_Cart.SPRCOM_105706(SPRCOM_105700_Android_LoginAO_Sales_MainPage_UpgradeAO_Cart.java:29)
</failure>
    <system-out><![CDATA[LISTENER: Test - SPRCOM_105706 - is Starting 

FAIL: Error dialog detected, check detail with screenshot attachment 
 MORE INFO: We are having technical difficulties. Please wait a few minutes and then try again.
LISTENER: Test - SPRCOM_105706 - org.testng.TestRunner@69c53b72
]]></system-out>
  </testcase>
  <testcase name="SPRCOM_105708" classname="SPRCOM_92052_Android_Sales.SPRCOM_105700_Android_LoginAO_Sales_PriorityStatus" time="33.579">
    <failure type="java.lang.AssertionError:">java.lang.AssertionError: null
	at SPRCOM_92052_Android_Sales.SPRCOM_105700_Android_LoginAO_Sales_PriorityStatus.SPRCOM_105708_Step2(SPRCOM_105700_Android_LoginAO_Sales_PriorityStatus.java:46)
	at SPRCOM_92052_Android_Sales.SPRCOM_105700_Android_LoginAO_Sales_PriorityStatus.SPRCOM_105708(SPRCOM_105700_Android_LoginAO_Sales_PriorityStatus.java:25)
</failure>
    <system-out><![CDATA[LISTENER: Test - SPRCOM_105708 - is Starting 

FAIL: Error dialog detected, check detail with screenshot attachment 
 MORE INFO: We are having technical difficulties. Please wait a few minutes and then try again.
LISTENER: Test - SPRCOM_105708 - org.testng.TestRunner@69c53b72
]]></system-out>
  </testcase>
</testsuite>