<?xml version="1.0" encoding="UTF-8"?>
<testng-results ignored="14" total="28" passed="10" failed="4" skipped="0">
  <reporter-output>
  </reporter-output>
  <suite started-at="2019-09-30T16:38:31Z" name="My Sprint App - Android" finished-at="2019-09-30T16:38:31Z" duration-ms="0">
    <groups>
    </groups>
  </suite> <!-- My Sprint App - Android -->
  <suite started-at="2019-09-30T16:33:54Z" name="SPRCOM-92052 My Sprint App Android - Sales" finished-at="2019-09-30T16:38:27Z" duration-ms="273105">
    <groups>
      <group name="LoginAO">
        <method signature="SPRCOM_105400_Android_LoginAO_Login.SPRCOM_105402(java.lang.String, java.lang.String, java.lang.String, java.lang.String)[pri:3, instance:SPRCOM_92051_Android_LoginAO.SPRCOM_105400_Android_LoginAO_Login@61874b9d]" name="SPRCOM_105402" class="SPRCOM_92051_Android_LoginAO.SPRCOM_105400_Android_LoginAO_Login"/>
        <method signature="SPRCOM_105400_Android_LoginAO_Login.SPRCOM_105404(java.lang.String, java.lang.String, java.lang.String, java.lang.String)[pri:2, instance:SPRCOM_92051_Android_LoginAO.SPRCOM_105400_Android_LoginAO_Login@61874b9d]" name="SPRCOM_105404" class="SPRCOM_92051_Android_LoginAO.SPRCOM_105400_Android_LoginAO_Login"/>
      </group> <!-- LoginAO -->
      <group name="LoginAO_Sales">
        <method signature="SPRCOM_105700_Android_LoginAO_Sales_MainPage_AddNewLine_Cart.SPRCOM_105702(java.lang.String, java.lang.String, java.lang.String, java.lang.String, java.lang.String, java.lang.String)[pri:5, instance:SPRCOM_92052_Android_Sales.SPRCOM_105700_Android_LoginAO_Sales_MainPage_AddNewLine_Cart@1a464fa3]" name="SPRCOM_105702" class="SPRCOM_92052_Android_Sales.SPRCOM_105700_Android_LoginAO_Sales_MainPage_AddNewLine_Cart"/>
        <method signature="SPRCOM_105700_Android_LoginAO_Sales_MainPage_UpgradeAO_Cart.SPRCOM_105706(java.lang.String, java.lang.String, java.lang.String, java.lang.String, java.lang.String, java.lang.String, java.lang.String)[pri:6, instance:SPRCOM_92052_Android_Sales.SPRCOM_105700_Android_LoginAO_Sales_MainPage_UpgradeAO_Cart@4215e133]" name="SPRCOM_105706" class="SPRCOM_92052_Android_Sales.SPRCOM_105700_Android_LoginAO_Sales_MainPage_UpgradeAO_Cart"/>
        <method signature="SPRCOM_105700_Android_LoginAO_Sales_PriorityStatus.SPRCOM_105708(java.lang.String, java.lang.String, java.lang.String, java.lang.String, java.lang.String, java.lang.String, java.lang.String)[pri:7, instance:SPRCOM_92052_Android_Sales.SPRCOM_105700_Android_LoginAO_Sales_PriorityStatus@5ccb85d6]" name="SPRCOM_105708" class="SPRCOM_92052_Android_Sales.SPRCOM_105700_Android_LoginAO_Sales_PriorityStatus"/>
      </group> <!-- LoginAO_Sales -->
    </groups>
    <test started-at="2019-09-30T16:33:54Z" name="Android_Base" finished-at="2019-09-30T16:34:12Z" duration-ms="17958">
      <class name="Android_Base.DefaultPages">
        <test-method is-config="true" signature="pagesFirstLaunch()[pri:0, instance:Android_Base.DefaultPages@6cfbbff7]" started-at="2019-09-30T16:33:54Z" name="pagesFirstLaunch" finished-at="2019-09-30T16:34:12Z" duration-ms="17958" status="PASS">
          <reporter-output>
          </reporter-output>
        </test-method> <!-- pagesFirstLaunch -->
      </class> <!-- Android_Base.DefaultPages -->
    </test> <!-- Android_Base -->
    <test started-at="2019-09-30T16:34:12Z" name="SPRCOM_105400_Android_LoginAO_Login" finished-at="2019-09-30T16:35:18Z" duration-ms="65800">
      <class name="SPRCOM_92051_Android_LoginAO.SPRCOM_105400_Android_LoginAO_Login">
        <test-method signature="SPRCOM_105402(java.lang.String, java.lang.String, java.lang.String, java.lang.String)[pri:3, instance:SPRCOM_92051_Android_LoginAO.SPRCOM_105400_Android_LoginAO_Login@61874b9d]" started-at="2019-09-30T16:34:12Z" name="SPRCOM_105402" data-provider="AccountOwner" finished-at="2019-09-30T16:34:46Z" duration-ms="33504" status="PASS">
          <params>
            <param index="0">
              <value>
                <![CDATA[ST2]]>
              </value>
            </param>
            <param index="1">
              <value>
                <![CDATA[3369549079]]>
              </value>
            </param>
            <param index="2">
              <value>
                <![CDATA[TWREG-59003]]>
              </value>
            </param>
            <param index="3">
              <value>
                <![CDATA[T3stM3.P1s]]>
              </value>
            </param>
          </params>
          <reporter-output>
          </reporter-output>
        </test-method> <!-- SPRCOM_105402 -->
        <test-method signature="SPRCOM_105404(java.lang.String, java.lang.String, java.lang.String, java.lang.String)[pri:2, instance:SPRCOM_92051_Android_LoginAO.SPRCOM_105400_Android_LoginAO_Login@61874b9d]" started-at="2019-09-30T16:34:48Z" name="SPRCOM_105404" data-provider="AccountOwner" finished-at="2019-09-30T16:35:17Z" depends-on-methods="SPRCOM_92051_Android_LoginAO.SPRCOM_105400_Android_LoginAO_Login.SPRCOM_105402" duration-ms="29251" status="PASS">
          <params>
            <param index="0">
              <value>
                <![CDATA[ST2]]>
              </value>
            </param>
            <param index="1">
              <value>
                <![CDATA[3369549079]]>
              </value>
            </param>
            <param index="2">
              <value>
                <![CDATA[TWREG-59003]]>
              </value>
            </param>
            <param index="3">
              <value>
                <![CDATA[T3stM3.P1s]]>
              </value>
            </param>
          </params>
          <reporter-output>
          </reporter-output>
        </test-method> <!-- SPRCOM_105404 -->
      </class> <!-- SPRCOM_92051_Android_LoginAO.SPRCOM_105400_Android_LoginAO_Login -->
    </test> <!-- SPRCOM_105400_Android_LoginAO_Login -->
    <test started-at="2019-09-30T16:35:18Z" name="SPRCOM_105700_Android_LoginAO_Sales" finished-at="2019-09-30T16:38:27Z" duration-ms="189339">
      <class name="SPRCOM_92052_Android_Sales.SPRCOM_105700_Android_LoginAO_Sales_MainPage_AddNewLine_Cart">
        <test-method is-config="true" signature="setUp(java.lang.String, java.lang.String, java.lang.String, java.lang.String)[pri:0, instance:SPRCOM_92052_Android_Sales.SPRCOM_105700_Android_LoginAO_Sales_MainPage_AddNewLine_Cart@1a464fa3]" started-at="2019-09-30T16:33:40Z" name="setUp" finished-at="2019-09-30T16:33:54Z" duration-ms="14482" status="PASS">
          <params>
            <param index="0">
              <value>
                <![CDATA[emulator-5554]]>
              </value>
            </param>
            <param index="1">
              <value>
                <![CDATA[4733]]>
              </value>
            </param>
            <param index="2">
              <value>
                <![CDATA[appium28]]>
              </value>
            </param>
            <param index="3">
              <value>
                <![CDATA[care-beta-617026.apk]]>
              </value>
            </param>
          </params>
          <reporter-output>
          </reporter-output>
        </test-method> <!-- setUp -->
        <test-method signature="SPRCOM_105702(java.lang.String, java.lang.String, java.lang.String, java.lang.String, java.lang.String, java.lang.String)[pri:5, instance:SPRCOM_92052_Android_Sales.SPRCOM_105700_Android_LoginAO_Sales_MainPage_AddNewLine_Cart@1a464fa3]" started-at="2019-09-30T16:35:18Z" name="SPRCOM_105702" data-provider="DeviceOption" finished-at="2019-09-30T16:36:35Z" duration-ms="77099" status="FAIL">
          <params>
            <param index="0">
              <value>
                <![CDATA[Phones]]>
              </value>
            </param>
            <param index="1">
              <value>
                <![CDATA[Apple]]>
              </value>
            </param>
            <param index="2">
              <value>
                <![CDATA[Apple iPhone XR]]>
              </value>
            </param>
            <param index="3">
              <value>
                <![CDATA[Lease]]>
              </value>
            </param>
            <param index="4">
              <value>
                <![CDATA[Unlimited]]>
              </value>
            </param>
            <param index="5">
              <value>
                <![CDATA[Add protection]]>
              </value>
            </param>
          </params>
          <exception class="java.lang.AssertionError">
            <message>
              <![CDATA[null]]>
            </message>
            <full-stacktrace>
              <![CDATA[java.lang.AssertionError: null
at org.testng.Assert.fail(Assert.java:96)
at org.testng.Assert.fail(Assert.java:103)
at Util.Android_Driver_Methods.assertFail_toMainPage(Android_Driver_Methods.java:312)
at Util.Android_Driver_Methods.Error_dialog_detect(Android_Driver_Methods.java:257)
at Util.Android_Driver_Methods.findByResourceID_Click(Android_Driver_Methods.java:37)
at SPRCOM_92052_Android_Sales.SPRCOM_105700_Android_LoginAO_Sales_MainPage_AddNewLine_Cart.SPRCOM_105702_Step4(SPRCOM_105700_Android_LoginAO_Sales_MainPage_AddNewLine_Cart.java:77)
at SPRCOM_92052_Android_Sales.SPRCOM_105700_Android_LoginAO_Sales_MainPage_AddNewLine_Cart.SPRCOM_105702(SPRCOM_105700_Android_LoginAO_Sales_MainPage_AddNewLine_Cart.java:30)
at java.base/jdk.internal.reflect.NativeMethodAccessorImpl.invoke0(Native Method)
at java.base/jdk.internal.reflect.NativeMethodAccessorImpl.invoke(NativeMethodAccessorImpl.java:62)
at java.base/jdk.internal.reflect.DelegatingMethodAccessorImpl.invoke(DelegatingMethodAccessorImpl.java:43)
at java.base/java.lang.reflect.Method.invoke(Method.java:566)
at org.testng.internal.MethodInvocationHelper.invokeMethod(MethodInvocationHelper.java:124)
at org.testng.internal.Invoker.invokeMethod(Invoker.java:583)
at org.testng.internal.Invoker.invokeTestMethod(Invoker.java:719)
at org.testng.internal.Invoker.invokeTestMethods(Invoker.java:989)
at org.testng.internal.TestMethodWorker.invokeTestMethods(TestMethodWorker.java:125)
at org.testng.internal.TestMethodWorker.run(TestMethodWorker.java:109)
at org.testng.TestRunner.privateRun(TestRunner.java:648)
at org.testng.TestRunner.run(TestRunner.java:505)
at org.testng.SuiteRunner.runTest(SuiteRunner.java:455)
at org.testng.SuiteRunner.runSequentially(SuiteRunner.java:450)
at org.testng.SuiteRunner.privateRun(SuiteRunner.java:415)
at org.testng.SuiteRunner.run(SuiteRunner.java:364)
at org.testng.SuiteRunnerWorker.runSuite(SuiteRunnerWorker.java:52)
at org.testng.SuiteRunnerWorker.run(SuiteRunnerWorker.java:84)
at org.testng.TestNG.runSuitesSequentially(TestNG.java:1208)
at org.testng.TestNG.runSuitesSequentially(TestNG.java:1204)
at org.testng.TestNG.runSuitesLocally(TestNG.java:1137)
at org.testng.TestNG.runSuites(TestNG.java:1049)
at org.testng.TestNG.run(TestNG.java:1017)
at org.apache.maven.surefire.testng.TestNGExecutor.run(TestNGExecutor.java:283)
at org.apache.maven.surefire.testng.TestNGXmlTestSuite.execute(TestNGXmlTestSuite.java:75)
at org.apache.maven.surefire.testng.TestNGProvider.invoke(TestNGProvider.java:120)
at org.apache.maven.surefire.booter.ForkedBooter.invokeProviderInSameClassLoader(ForkedBooter.java:386)
at org.apache.maven.surefire.booter.ForkedBooter.runSuitesInProcess(ForkedBooter.java:323)
at org.apache.maven.surefire.booter.ForkedBooter.main(ForkedBooter.java:143)
]]>
            </full-stacktrace>
          </exception> <!-- java.lang.AssertionError -->
          <reporter-output>
          </reporter-output>
        </test-method> <!-- SPRCOM_105702 -->
        <test-method is-config="true" signature="tearDown()[pri:0, instance:SPRCOM_92052_Android_Sales.SPRCOM_105700_Android_LoginAO_Sales_MainPage_AddNewLine_Cart@1a464fa3]" started-at="2019-09-30T16:38:27Z" name="tearDown" finished-at="2019-09-30T16:38:31Z" duration-ms="3039" status="PASS">
          <reporter-output>
          </reporter-output>
        </test-method> <!-- tearDown -->
      </class> <!-- SPRCOM_92052_Android_Sales.SPRCOM_105700_Android_LoginAO_Sales_MainPage_AddNewLine_Cart -->
      <class name="SPRCOM_92052_Android_Sales.SPRCOM_105700_Android_LoginAO_Sales_PriorityStatus">
        <test-method signature="SPRCOM_105708(java.lang.String, java.lang.String, java.lang.String, java.lang.String, java.lang.String, java.lang.String, java.lang.String)[pri:7, instance:SPRCOM_92052_Android_Sales.SPRCOM_105700_Android_LoginAO_Sales_PriorityStatus@5ccb85d6]" started-at="2019-09-30T16:37:53Z" name="SPRCOM_105708" data-provider="DeviceOption" finished-at="2019-09-30T16:38:26Z" duration-ms="32943" status="FAIL">
          <params>
            <param index="0">
              <value>
                <![CDATA[Phones]]>
              </value>
            </param>
            <param index="1">
              <value>
                <![CDATA[Apple]]>
              </value>
            </param>
            <param index="2">
              <value>
                <![CDATA[Apple iPhone XR]]>
              </value>
            </param>
            <param index="3">
              <value>
                <![CDATA[Lease]]>
              </value>
            </param>
            <param index="4">
              <value>
                <![CDATA[Unlimited Savings Plan]]>
              </value>
            </param>
            <param index="5">
              <value>
                <![CDATA[Add protection]]>
              </value>
            </param>
            <param index="6">
              <value>
                <![CDATA[Buy this phone]]>
              </value>
            </param>
          </params>
          <exception class="java.lang.AssertionError">
            <message>
              <![CDATA[null]]>
            </message>
            <full-stacktrace>
              <![CDATA[java.lang.AssertionError: null
at org.testng.Assert.fail(Assert.java:96)
at org.testng.Assert.fail(Assert.java:103)
at Util.Android_Driver_Methods.assertFail_toMainPage(Android_Driver_Methods.java:312)
at Util.Android_Driver_Methods.Error_dialog_detect(Android_Driver_Methods.java:257)
at Util.Android_Driver_Methods.findByResourceID_Click(Android_Driver_Methods.java:37)
at SPRCOM_92052_Android_Sales.SPRCOM_105700_Android_LoginAO_Sales_PriorityStatus.SPRCOM_105708_Step2(SPRCOM_105700_Android_LoginAO_Sales_PriorityStatus.java:46)
at SPRCOM_92052_Android_Sales.SPRCOM_105700_Android_LoginAO_Sales_PriorityStatus.SPRCOM_105708(SPRCOM_105700_Android_LoginAO_Sales_PriorityStatus.java:25)
at java.base/jdk.internal.reflect.NativeMethodAccessorImpl.invoke0(Native Method)
at java.base/jdk.internal.reflect.NativeMethodAccessorImpl.invoke(NativeMethodAccessorImpl.java:62)
at java.base/jdk.internal.reflect.DelegatingMethodAccessorImpl.invoke(DelegatingMethodAccessorImpl.java:43)
at java.base/java.lang.reflect.Method.invoke(Method.java:566)
at org.testng.internal.MethodInvocationHelper.invokeMethod(MethodInvocationHelper.java:124)
at org.testng.internal.Invoker.invokeMethod(Invoker.java:583)
at org.testng.internal.Invoker.invokeTestMethod(Invoker.java:719)
at org.testng.internal.Invoker.invokeTestMethods(Invoker.java:989)
at org.testng.internal.TestMethodWorker.invokeTestMethods(TestMethodWorker.java:125)
at org.testng.internal.TestMethodWorker.run(TestMethodWorker.java:109)
at org.testng.TestRunner.privateRun(TestRunner.java:648)
at org.testng.TestRunner.run(TestRunner.java:505)
at org.testng.SuiteRunner.runTest(SuiteRunner.java:455)
at org.testng.SuiteRunner.runSequentially(SuiteRunner.java:450)
at org.testng.SuiteRunner.privateRun(SuiteRunner.java:415)
at org.testng.SuiteRunner.run(SuiteRunner.java:364)
at org.testng.SuiteRunnerWorker.runSuite(SuiteRunnerWorker.java:52)
at org.testng.SuiteRunnerWorker.run(SuiteRunnerWorker.java:84)
at org.testng.TestNG.runSuitesSequentially(TestNG.java:1208)
at org.testng.TestNG.runSuitesSequentially(TestNG.java:1204)
at org.testng.TestNG.runSuitesLocally(TestNG.java:1137)
at org.testng.TestNG.runSuites(TestNG.java:1049)
at org.testng.TestNG.run(TestNG.java:1017)
at org.apache.maven.surefire.testng.TestNGExecutor.run(TestNGExecutor.java:283)
at org.apache.maven.surefire.testng.TestNGXmlTestSuite.execute(TestNGXmlTestSuite.java:75)
at org.apache.maven.surefire.testng.TestNGProvider.invoke(TestNGProvider.java:120)
at org.apache.maven.surefire.booter.ForkedBooter.invokeProviderInSameClassLoader(ForkedBooter.java:386)
at org.apache.maven.surefire.booter.ForkedBooter.runSuitesInProcess(ForkedBooter.java:323)
at org.apache.maven.surefire.booter.ForkedBooter.main(ForkedBooter.java:143)
]]>
            </full-stacktrace>
          </exception> <!-- java.lang.AssertionError -->
          <reporter-output>
          </reporter-output>
        </test-method> <!-- SPRCOM_105708 -->
      </class> <!-- SPRCOM_92052_Android_Sales.SPRCOM_105700_Android_LoginAO_Sales_PriorityStatus -->
      <class name="SPRCOM_92052_Android_Sales.SPRCOM_105700_Android_LoginAO_Sales_MainPage_UpgradeAO_Cart">
        <test-method signature="SPRCOM_105706(java.lang.String, java.lang.String, java.lang.String, java.lang.String, java.lang.String, java.lang.String, java.lang.String)[pri:6, instance:SPRCOM_92052_Android_Sales.SPRCOM_105700_Android_LoginAO_Sales_MainPage_UpgradeAO_Cart@4215e133]" started-at="2019-09-30T16:36:37Z" name="SPRCOM_105706" data-provider="DeviceOption" finished-at="2019-09-30T16:37:52Z" duration-ms="74903" status="FAIL">
          <params>
            <param index="0">
              <value>
                <![CDATA[Phones]]>
              </value>
            </param>
            <param index="1">
              <value>
                <![CDATA[Apple]]>
              </value>
            </param>
            <param index="2">
              <value>
                <![CDATA[Apple iPhone XR]]>
              </value>
            </param>
            <param index="3">
              <value>
                <![CDATA[Lease]]>
              </value>
            </param>
            <param index="4">
              <value>
                <![CDATA[Unlimited Savings Plan]]>
              </value>
            </param>
            <param index="5">
              <value>
                <![CDATA[Add protection]]>
              </value>
            </param>
            <param index="6">
              <value>
                <![CDATA[Buy this phone]]>
              </value>
            </param>
          </params>
          <exception class="java.lang.AssertionError">
            <message>
              <![CDATA[null]]>
            </message>
            <full-stacktrace>
              <![CDATA[java.lang.AssertionError: null
at org.testng.Assert.fail(Assert.java:96)
at org.testng.Assert.fail(Assert.java:103)
at Util.Android_Driver_Methods.assertFail_toMainPage(Android_Driver_Methods.java:312)
at Util.Android_Driver_Methods.Error_dialog_detect(Android_Driver_Methods.java:257)
at Util.Android_Driver_Methods.findByResourceID_Click(Android_Driver_Methods.java:37)
at SPRCOM_92052_Android_Sales.SPRCOM_105700_Android_LoginAO_Sales_MainPage_UpgradeAO_Cart.SPRCOM_105706_Step3(SPRCOM_105700_Android_LoginAO_Sales_MainPage_UpgradeAO_Cart.java:68)
at SPRCOM_92052_Android_Sales.SPRCOM_105700_Android_LoginAO_Sales_MainPage_UpgradeAO_Cart.SPRCOM_105706(SPRCOM_105700_Android_LoginAO_Sales_MainPage_UpgradeAO_Cart.java:29)
at java.base/jdk.internal.reflect.NativeMethodAccessorImpl.invoke0(Native Method)
at java.base/jdk.internal.reflect.NativeMethodAccessorImpl.invoke(NativeMethodAccessorImpl.java:62)
at java.base/jdk.internal.reflect.DelegatingMethodAccessorImpl.invoke(DelegatingMethodAccessorImpl.java:43)
at java.base/java.lang.reflect.Method.invoke(Method.java:566)
at org.testng.internal.MethodInvocationHelper.invokeMethod(MethodInvocationHelper.java:124)
at org.testng.internal.Invoker.invokeMethod(Invoker.java:583)
at org.testng.internal.Invoker.invokeTestMethod(Invoker.java:719)
at org.testng.internal.Invoker.invokeTestMethods(Invoker.java:989)
at org.testng.internal.TestMethodWorker.invokeTestMethods(TestMethodWorker.java:125)
at org.testng.internal.TestMethodWorker.run(TestMethodWorker.java:109)
at org.testng.TestRunner.privateRun(TestRunner.java:648)
at org.testng.TestRunner.run(TestRunner.java:505)
at org.testng.SuiteRunner.runTest(SuiteRunner.java:455)
at org.testng.SuiteRunner.runSequentially(SuiteRunner.java:450)
at org.testng.SuiteRunner.privateRun(SuiteRunner.java:415)
at org.testng.SuiteRunner.run(SuiteRunner.java:364)
at org.testng.SuiteRunnerWorker.runSuite(SuiteRunnerWorker.java:52)
at org.testng.SuiteRunnerWorker.run(SuiteRunnerWorker.java:84)
at org.testng.TestNG.runSuitesSequentially(TestNG.java:1208)
at org.testng.TestNG.runSuitesSequentially(TestNG.java:1204)
at org.testng.TestNG.runSuitesLocally(TestNG.java:1137)
at org.testng.TestNG.runSuites(TestNG.java:1049)
at org.testng.TestNG.run(TestNG.java:1017)
at org.apache.maven.surefire.testng.TestNGExecutor.run(TestNGExecutor.java:283)
at org.apache.maven.surefire.testng.TestNGXmlTestSuite.execute(TestNGXmlTestSuite.java:75)
at org.apache.maven.surefire.testng.TestNGProvider.invoke(TestNGProvider.java:120)
at org.apache.maven.surefire.booter.ForkedBooter.invokeProviderInSameClassLoader(ForkedBooter.java:386)
at org.apache.maven.surefire.booter.ForkedBooter.runSuitesInProcess(ForkedBooter.java:323)
at org.apache.maven.surefire.booter.ForkedBooter.main(ForkedBooter.java:143)
]]>
            </full-stacktrace>
          </exception> <!-- java.lang.AssertionError -->
          <reporter-output>
          </reporter-output>
        </test-method> <!-- SPRCOM_105706 -->
      </class> <!-- SPRCOM_92052_Android_Sales.SPRCOM_105700_Android_LoginAO_Sales_MainPage_UpgradeAO_Cart -->
    </test> <!-- SPRCOM_105700_Android_LoginAO_Sales -->
  </suite> <!-- SPRCOM-92052 My Sprint App Android - Sales -->
  <suite started-at="2019-09-30T16:28:06Z" name="SPRCOM-92050 My Sprint App Android - Non login Payment" finished-at="2019-09-30T16:33:39Z" duration-ms="333274">
    <groups>
      <group name="LoginAO_Payment">
        <method signature="SPRCOM_105500_Android_LoginAO_AddpaymentMethod.SPRCOM_105506()[pri:11, instance:SPRCOM_92050_Android_Payment.SPRCOM_105500_Android_LoginAO_AddpaymentMethod@66fb45e5]" name="SPRCOM_105506" class="SPRCOM_92050_Android_Payment.SPRCOM_105500_Android_LoginAO_AddpaymentMethod"/>
        <method signature="SPRCOM_105500_Android_LoginAO_Payment_Basic.SPRCOM_105504()[pri:10, instance:SPRCOM_92050_Android_Payment.SPRCOM_105500_Android_LoginAO_Payment_Basic@e829999]" name="SPRCOM_105504" class="SPRCOM_92050_Android_Payment.SPRCOM_105500_Android_LoginAO_Payment_Basic"/>
      </group> <!-- LoginAO_Payment -->
      <group name="LoginAO">
        <method signature="SPRCOM_105400_Android_LoginAO_Login.SPRCOM_105402(java.lang.String, java.lang.String, java.lang.String, java.lang.String)[pri:3, instance:SPRCOM_92051_Android_LoginAO.SPRCOM_105400_Android_LoginAO_Login@70d77826]" name="SPRCOM_105402" class="SPRCOM_92051_Android_LoginAO.SPRCOM_105400_Android_LoginAO_Login"/>
        <method signature="SPRCOM_105400_Android_LoginAO_Login.SPRCOM_105404(java.lang.String, java.lang.String, java.lang.String, java.lang.String)[pri:2, instance:SPRCOM_92051_Android_LoginAO.SPRCOM_105400_Android_LoginAO_Login@70d77826]" name="SPRCOM_105404" class="SPRCOM_92051_Android_LoginAO.SPRCOM_105400_Android_LoginAO_Login"/>
      </group> <!-- LoginAO -->
      <group name="NonLogin">
        <method signature="SPRCOM_105300_Android_NonLogin_AddPaymentMethod.SPRCOM_105302()[pri:1, instance:SPRCOM_92050_Android_Payment.SPRCOM_105300_Android_NonLogin_AddPaymentMethod@343fddd9]" name="SPRCOM_105302" class="SPRCOM_92050_Android_Payment.SPRCOM_105300_Android_NonLogin_AddPaymentMethod"/>
        <method signature="SPRCOM_105300_Android_NonLogin_CardTypeVerify.SPRCOM_105306(java.lang.String, java.lang.String, java.lang.String)[pri:3, instance:SPRCOM_92050_Android_Payment.SPRCOM_105300_Android_NonLogin_CardTypeVerify@2f80cb79]" name="SPRCOM_105306" class="SPRCOM_92050_Android_Payment.SPRCOM_105300_Android_NonLogin_CardTypeVerify"/>
        <method signature="SPRCOM_105300_Android_NonLogin_Payment_Amount.SPRCOM_105304()[pri:2, instance:SPRCOM_92050_Android_Payment.SPRCOM_105300_Android_NonLogin_Payment_Amount@2bbb44da]" name="SPRCOM_105304" class="SPRCOM_92050_Android_Payment.SPRCOM_105300_Android_NonLogin_Payment_Amount"/>
      </group> <!-- NonLogin -->
      <group name="MakePayment">
        <method signature="SPRCOM_105300_Android_NonLogin_AddPaymentMethod.SPRCOM_105302()[pri:1, instance:SPRCOM_92050_Android_Payment.SPRCOM_105300_Android_NonLogin_AddPaymentMethod@343fddd9]" name="SPRCOM_105302" class="SPRCOM_92050_Android_Payment.SPRCOM_105300_Android_NonLogin_AddPaymentMethod"/>
        <method signature="SPRCOM_105300_Android_NonLogin_CardTypeVerify.SPRCOM_105306(java.lang.String, java.lang.String, java.lang.String)[pri:3, instance:SPRCOM_92050_Android_Payment.SPRCOM_105300_Android_NonLogin_CardTypeVerify@2f80cb79]" name="SPRCOM_105306" class="SPRCOM_92050_Android_Payment.SPRCOM_105300_Android_NonLogin_CardTypeVerify"/>
        <method signature="SPRCOM_105300_Android_NonLogin_Payment_Amount.SPRCOM_105304()[pri:2, instance:SPRCOM_92050_Android_Payment.SPRCOM_105300_Android_NonLogin_Payment_Amount@2bbb44da]" name="SPRCOM_105304" class="SPRCOM_92050_Android_Payment.SPRCOM_105300_Android_NonLogin_Payment_Amount"/>
      </group> <!-- MakePayment -->
    </groups>
    <test started-at="2019-09-30T16:28:06Z" name="Android_Base" finished-at="2019-09-30T16:28:23Z" duration-ms="16753">
      <class name="Android_Base.DefaultPages">
        <test-method is-config="true" signature="pagesFirstLaunch()[pri:0, instance:Android_Base.DefaultPages@430b2699]" started-at="2019-09-30T16:28:06Z" name="pagesFirstLaunch" finished-at="2019-09-30T16:28:23Z" duration-ms="16742" status="PASS">
          <reporter-output>
          </reporter-output>
        </test-method> <!-- pagesFirstLaunch -->
      </class> <!-- Android_Base.DefaultPages -->
    </test> <!-- Android_Base -->
    <test started-at="2019-09-30T16:28:23Z" name="SPRCOM_105300_Android_NonLogin_Payment" finished-at="2019-09-30T16:31:17Z" duration-ms="174131">
      <class name="SPRCOM_92050_Android_Payment.SPRCOM_105300_Android_NonLogin_Payment_Amount">
        <test-method signature="SPRCOM_105304()[pri:2, instance:SPRCOM_92050_Android_Payment.SPRCOM_105300_Android_NonLogin_Payment_Amount@2bbb44da]" started-at="2019-09-30T16:29:11Z" name="SPRCOM_105304" finished-at="2019-09-30T16:29:23Z" duration-ms="11468" status="PASS">
          <reporter-output>
          </reporter-output>
        </test-method> <!-- SPRCOM_105304 -->
      </class> <!-- SPRCOM_92050_Android_Payment.SPRCOM_105300_Android_NonLogin_Payment_Amount -->
      <class name="SPRCOM_92050_Android_Payment.SPRCOM_105300_Android_NonLogin_CardTypeVerify">
        <test-method signature="SPRCOM_105306(java.lang.String, java.lang.String, java.lang.String)[pri:3, instance:SPRCOM_92050_Android_Payment.SPRCOM_105300_Android_NonLogin_CardTypeVerify@2f80cb79]" started-at="2019-09-30T16:29:24Z" name="SPRCOM_105306" data-provider="CardNumber" finished-at="2019-09-30T16:29:57Z" duration-ms="33208" status="PASS">
          <params>
            <param index="0">
              <value>
                <![CDATA[4444424444444440]]>
              </value>
            </param>
            <param index="1">
              <value>
                <![CDATA[Visa]]>
              </value>
            </param>
            <param index="2">
              <value>
                <![CDATA[LOAD TEST ACCOUNTS]]>
              </value>
            </param>
          </params>
          <reporter-output>
          </reporter-output>
        </test-method> <!-- SPRCOM_105306 -->
        <test-method signature="SPRCOM_105306(java.lang.String, java.lang.String, java.lang.String)[pri:3, instance:SPRCOM_92050_Android_Payment.SPRCOM_105300_Android_NonLogin_CardTypeVerify@2f80cb79]" started-at="2019-09-30T16:30:00Z" name="SPRCOM_105306" data-provider="CardNumber" finished-at="2019-09-30T16:30:39Z" duration-ms="39017" status="PASS">
          <params>
            <param index="0">
              <value>
                <![CDATA[5500005555555559]]>
              </value>
            </param>
            <param index="1">
              <value>
                <![CDATA[MasterCard]]>
              </value>
            </param>
            <param index="2">
              <value>
                <![CDATA[LOAD TEST ACCOUNTS]]>
              </value>
            </param>
          </params>
          <reporter-output>
          </reporter-output>
        </test-method> <!-- SPRCOM_105306 -->
        <test-method signature="SPRCOM_105306(java.lang.String, java.lang.String, java.lang.String)[pri:3, instance:SPRCOM_92050_Android_Payment.SPRCOM_105300_Android_NonLogin_CardTypeVerify@2f80cb79]" started-at="2019-09-30T16:30:40Z" name="SPRCOM_105306" data-provider="CardNumber" finished-at="2019-09-30T16:31:16Z" duration-ms="35459" status="FAIL">
          <params>
            <param index="0">
              <value>
                <![CDATA[36111111111111]]>
              </value>
            </param>
            <param index="1">
              <value>
                <![CDATA[MasterCard Diners]]>
              </value>
            </param>
            <param index="2">
              <value>
                <![CDATA[LOAD TEST ACCOUNTS]]>
              </value>
            </param>
          </params>
          <exception class="java.lang.AssertionError">
            <message>
              <![CDATA[null]]>
            </message>
            <full-stacktrace>
              <![CDATA[java.lang.AssertionError: null
at org.testng.Assert.fail(Assert.java:96)
at org.testng.Assert.fail(Assert.java:103)
at Util.Android_Driver_Methods.assertFail_toMainPage(Android_Driver_Methods.java:296)
at SPRCOM_92050_Android_Payment.SPRCOM_105300_Android_NonLogin_CardTypeVerify.SPRCOM_105306_Step4(SPRCOM_105300_Android_NonLogin_CardTypeVerify.java:83)
at SPRCOM_92050_Android_Payment.SPRCOM_105300_Android_NonLogin_CardTypeVerify.SPRCOM_105306(SPRCOM_105300_Android_NonLogin_CardTypeVerify.java:27)
at java.base/jdk.internal.reflect.NativeMethodAccessorImpl.invoke0(Native Method)
at java.base/jdk.internal.reflect.NativeMethodAccessorImpl.invoke(NativeMethodAccessorImpl.java:62)
at java.base/jdk.internal.reflect.DelegatingMethodAccessorImpl.invoke(DelegatingMethodAccessorImpl.java:43)
at java.base/java.lang.reflect.Method.invoke(Method.java:566)
at org.testng.internal.MethodInvocationHelper.invokeMethod(MethodInvocationHelper.java:124)
at org.testng.internal.Invoker.invokeMethod(Invoker.java:583)
at org.testng.internal.Invoker.invokeTestMethod(Invoker.java:719)
at org.testng.internal.Invoker.invokeTestMethods(Invoker.java:989)
at org.testng.internal.TestMethodWorker.invokeTestMethods(TestMethodWorker.java:125)
at org.testng.internal.TestMethodWorker.run(TestMethodWorker.java:109)
at org.testng.TestRunner.privateRun(TestRunner.java:648)
at org.testng.TestRunner.run(TestRunner.java:505)
at org.testng.SuiteRunner.runTest(SuiteRunner.java:455)
at org.testng.SuiteRunner.runSequentially(SuiteRunner.java:450)
at org.testng.SuiteRunner.privateRun(SuiteRunner.java:415)
at org.testng.SuiteRunner.run(SuiteRunner.java:364)
at org.testng.SuiteRunnerWorker.runSuite(SuiteRunnerWorker.java:52)
at org.testng.SuiteRunnerWorker.run(SuiteRunnerWorker.java:84)
at org.testng.TestNG.runSuitesSequentially(TestNG.java:1208)
at org.testng.TestNG.runSuitesSequentially(TestNG.java:1204)
at org.testng.TestNG.runSuitesLocally(TestNG.java:1137)
at org.testng.TestNG.runSuites(TestNG.java:1049)
at org.testng.TestNG.run(TestNG.java:1017)
at org.apache.maven.surefire.testng.TestNGExecutor.run(TestNGExecutor.java:283)
at org.apache.maven.surefire.testng.TestNGXmlTestSuite.execute(TestNGXmlTestSuite.java:75)
at org.apache.maven.surefire.testng.TestNGProvider.invoke(TestNGProvider.java:120)
at org.apache.maven.surefire.booter.ForkedBooter.invokeProviderInSameClassLoader(ForkedBooter.java:386)
at org.apache.maven.surefire.booter.ForkedBooter.runSuitesInProcess(ForkedBooter.java:323)
at org.apache.maven.surefire.booter.ForkedBooter.main(ForkedBooter.java:143)
]]>
            </full-stacktrace>
          </exception> <!-- java.lang.AssertionError -->
          <reporter-output>
          </reporter-output>
        </test-method> <!-- SPRCOM_105306 -->
      </class> <!-- SPRCOM_92050_Android_Payment.SPRCOM_105300_Android_NonLogin_CardTypeVerify -->
      <class name="SPRCOM_92050_Android_Payment.SPRCOM_105300_Android_NonLogin_AddPaymentMethod">
        <test-method signature="SPRCOM_105302()[pri:1, instance:SPRCOM_92050_Android_Payment.SPRCOM_105300_Android_NonLogin_AddPaymentMethod@343fddd9]" started-at="2019-09-30T16:28:23Z" name="SPRCOM_105302" finished-at="2019-09-30T16:29:10Z" duration-ms="46708" status="PASS">
          <reporter-output>
          </reporter-output>
        </test-method> <!-- SPRCOM_105302 -->
      </class> <!-- SPRCOM_92050_Android_Payment.SPRCOM_105300_Android_NonLogin_AddPaymentMethod -->
    </test> <!-- SPRCOM_105300_Android_NonLogin_Payment -->
    <test started-at="2019-09-30T16:31:17Z" name="SPRCOM_105400_Android_Login_AO" finished-at="2019-09-30T16:32:32Z" duration-ms="74487">
      <class name="SPRCOM_92051_Android_LoginAO.SPRCOM_105400_Android_LoginAO_Login">
        <test-method signature="SPRCOM_105402(java.lang.String, java.lang.String, java.lang.String, java.lang.String)[pri:3, instance:SPRCOM_92051_Android_LoginAO.SPRCOM_105400_Android_LoginAO_Login@70d77826]" started-at="2019-09-30T16:31:17Z" name="SPRCOM_105402" data-provider="AccountOwner" finished-at="2019-09-30T16:31:55Z" duration-ms="37435" status="PASS">
          <params>
            <param index="0">
              <value>
                <![CDATA[ST2]]>
              </value>
            </param>
            <param index="1">
              <value>
                <![CDATA[3369549079]]>
              </value>
            </param>
            <param index="2">
              <value>
                <![CDATA[TWREG-59003]]>
              </value>
            </param>
            <param index="3">
              <value>
                <![CDATA[T3stM3.P1s]]>
              </value>
            </param>
          </params>
          <reporter-output>
          </reporter-output>
        </test-method> <!-- SPRCOM_105402 -->
        <test-method signature="SPRCOM_105404(java.lang.String, java.lang.String, java.lang.String, java.lang.String)[pri:2, instance:SPRCOM_92051_Android_LoginAO.SPRCOM_105400_Android_LoginAO_Login@70d77826]" started-at="2019-09-30T16:31:57Z" name="SPRCOM_105404" data-provider="AccountOwner" finished-at="2019-09-30T16:32:30Z" depends-on-methods="SPRCOM_92051_Android_LoginAO.SPRCOM_105400_Android_LoginAO_Login.SPRCOM_105402" duration-ms="33359" status="PASS">
          <params>
            <param index="0">
              <value>
                <![CDATA[ST2]]>
              </value>
            </param>
            <param index="1">
              <value>
                <![CDATA[3369549079]]>
              </value>
            </param>
            <param index="2">
              <value>
                <![CDATA[TWREG-59003]]>
              </value>
            </param>
            <param index="3">
              <value>
                <![CDATA[T3stM3.P1s]]>
              </value>
            </param>
          </params>
          <reporter-output>
          </reporter-output>
        </test-method> <!-- SPRCOM_105404 -->
      </class> <!-- SPRCOM_92051_Android_LoginAO.SPRCOM_105400_Android_LoginAO_Login -->
    </test> <!-- SPRCOM_105400_Android_Login_AO -->
    <test started-at="2019-09-30T16:32:32Z" name="SPRCOM_105500_Android_Login_MakePayment" finished-at="2019-09-30T16:33:39Z" duration-ms="67746">
      <class name="SPRCOM_92050_Android_Payment.SPRCOM_105500_Android_LoginAO_AddpaymentMethod">
        <test-method signature="SPRCOM_105506()[pri:11, instance:SPRCOM_92050_Android_Payment.SPRCOM_105500_Android_LoginAO_AddpaymentMethod@66fb45e5]" started-at="2019-09-30T16:32:54Z" name="SPRCOM_105506" finished-at="2019-09-30T16:33:38Z" duration-ms="43472" status="PASS">
          <reporter-output>
          </reporter-output>
        </test-method> <!-- SPRCOM_105506 -->
      </class> <!-- SPRCOM_92050_Android_Payment.SPRCOM_105500_Android_LoginAO_AddpaymentMethod -->
      <class name="SPRCOM_92050_Android_Payment.SPRCOM_105500_Android_LoginAO_Payment_Basic">
        <test-method is-config="true" signature="setUp(java.lang.String, java.lang.String, java.lang.String, java.lang.String)[pri:0, instance:SPRCOM_92050_Android_Payment.SPRCOM_105500_Android_LoginAO_Payment_Basic@e829999]" started-at="2019-09-30T16:27:51Z" name="setUp" finished-at="2019-09-30T16:28:06Z" duration-ms="14686" status="PASS">
          <params>
            <param index="0">
              <value>
                <![CDATA[emulator-5554]]>
              </value>
            </param>
            <param index="1">
              <value>
                <![CDATA[4733]]>
              </value>
            </param>
            <param index="2">
              <value>
                <![CDATA[appium28]]>
              </value>
            </param>
            <param index="3">
              <value>
                <![CDATA[care-beta-617026.apk]]>
              </value>
            </param>
          </params>
          <reporter-output>
          </reporter-output>
        </test-method> <!-- setUp -->
        <test-method signature="SPRCOM_105504()[pri:10, instance:SPRCOM_92050_Android_Payment.SPRCOM_105500_Android_LoginAO_Payment_Basic@e829999]" started-at="2019-09-30T16:32:32Z" name="SPRCOM_105504" finished-at="2019-09-30T16:32:53Z" duration-ms="21215" status="PASS">
          <reporter-output>
          </reporter-output>
        </test-method> <!-- SPRCOM_105504 -->
        <test-method is-config="true" signature="tearDown()[pri:0, instance:SPRCOM_92050_Android_Payment.SPRCOM_105500_Android_LoginAO_Payment_Basic@e829999]" started-at="2019-09-30T16:33:39Z" name="tearDown" finished-at="2019-09-30T16:33:40Z" duration-ms="429" status="PASS">
          <reporter-output>
          </reporter-output>
        </test-method> <!-- tearDown -->
      </class> <!-- SPRCOM_92050_Android_Payment.SPRCOM_105500_Android_LoginAO_Payment_Basic -->
    </test> <!-- SPRCOM_105500_Android_Login_MakePayment -->
  </suite> <!-- SPRCOM-92050 My Sprint App Android - Non login Payment -->
</testng-results>
